2026-06-18T00:06:04.153+05:30  INFO 31892 --- [RMI TCP Connection(28)-127.0.0.1] inMXBeanRegistrar$SpringApplicationAdmin : Application shutdown requested.
2026-06-18T00:06:04.168+05:30  INFO 31892 --- [RMI TCP Connection(28)-127.0.0.1] o.s.boot.tomcat.GracefulShutdown         : Commencing graceful shutdown. Waiting for active requests to complete
2026-06-18T00:06:04.176+05:30  INFO 31892 --- [tomcat-shutdown] o.s.boot.tomcat.GracefulShutdown         : Graceful shutdown complete
2026-06-18T00:06:04.182+05:30  INFO 31892 --- [RMI TCP Connection(28)-127.0.0.1] j.LocalContainerEntityManagerFactoryBean : Closing JPA EntityManagerFactory for persistence unit 'default'
2026-06-18T00:06:04.186+05:30  INFO 31892 --- [RMI TCP Connection(28)-127.0.0.1] com.zaxxer.hikari.HikariDataSource       : HikariPool-1 - Shutdown initiated...
2026-06-18T00:06:04.190+05:30  INFO 31892 --- [RMI TCP Connection(28)-127.0.0.1] com.zaxxer.hikari.HikariDataSource       : HikariPool-1 - Shutdown completed.
2026-06-18T02:01:11.460+05:30  INFO 18216 --- [restartedMain] com.fingenie.FinGenieAiApplication       : Starting FinGenieAiApplication using Java 21.0.3 with PID 18216 (C:\Users\NI20696674\Documents\workspace-spring-tool-suite-4-4.23.1.RELEASE\FinGenieAI\target\classes started by NI20696674 in C:\Users\NI20696674\Documents\workspace-spring-tool-suite-4-4.23.1.RELEASE\FinGenieAI)
2026-06-18T02:01:11.465+05:30  INFO 18216 --- [restartedMain] com.fingenie.FinGenieAiApplication       : No active profile set, falling back to 1 default profile: "default"
2026-06-18T02:01:11.533+05:30  INFO 18216 --- [restartedMain] .e.DevToolsPropertyDefaultsPostProcessor : Devtools property defaults active! Set 'spring.devtools.add-properties' to 'false' to disable
2026-06-18T02:01:11.533+05:30  INFO 18216 --- [restartedMain] .e.DevToolsPropertyDefaultsPostProcessor : For additional web related logging consider setting the 'logging.level.web' property to 'DEBUG'
2026-06-18T02:01:12.683+05:30  INFO 18216 --- [restartedMain] .s.d.r.c.RepositoryConfigurationDelegate : Bootstrapping Spring Data JPA repositories in DEFAULT mode.
2026-06-18T02:01:12.796+05:30  INFO 18216 --- [restartedMain] .s.d.r.c.RepositoryConfigurationDelegate : Finished Spring Data repository scanning in 96 ms. Found 9 JPA repository interfaces.
2026-06-18T02:01:13.472+05:30  INFO 18216 --- [restartedMain] o.s.boot.tomcat.TomcatWebServer          : Tomcat initialized with port 8080 (http)
2026-06-18T02:01:13.490+05:30  INFO 18216 --- [restartedMain] o.apache.catalina.core.StandardService   : Starting service [Tomcat]
2026-06-18T02:01:13.490+05:30  INFO 18216 --- [restartedMain] o.apache.catalina.core.StandardEngine    : Starting Servlet engine: [Apache Tomcat/11.0.22]
2026-06-18T02:01:13.552+05:30  INFO 18216 --- [restartedMain] b.w.c.s.WebApplicationContextInitializer : Root WebApplicationContext: initialization completed in 2018 ms
2026-06-18T02:01:13.766+05:30  INFO 18216 --- [restartedMain] org.hibernate.orm.jpa                    : HHH008540: Processing PersistenceUnitInfo [name: default]
2026-06-18T02:01:13.885+05:30  INFO 18216 --- [restartedMain] org.hibernate.orm.core                   : HHH000001: Hibernate ORM core version 7.4.1.Final
2026-06-18T02:01:14.764+05:30  INFO 18216 --- [restartedMain] o.s.o.j.p.SpringPersistenceUnitInfo      : No LoadTimeWeaver setup: ignoring JPA class transformer
2026-06-18T02:01:14.828+05:30  INFO 18216 --- [restartedMain] com.zaxxer.hikari.HikariDataSource       : HikariPool-1 - Starting...
2026-06-18T02:01:15.164+05:30  INFO 18216 --- [restartedMain] com.zaxxer.hikari.pool.HikariPool        : HikariPool-1 - Added connection com.mysql.cj.jdbc.ConnectionImpl@2e9be6d4
2026-06-18T02:01:15.166+05:30  INFO 18216 --- [restartedMain] com.zaxxer.hikari.HikariDataSource       : HikariPool-1 - Start completed.
2026-06-18T02:01:15.305+05:30  INFO 18216 --- [restartedMain] org.hibernate.orm.connections.pooling    : HHH10001005: Database info:
	Database JDBC URL [jdbc:mysql://localhost:3306/fingenie_db]
	Database driver: MySQL Connector/J
	Database dialect: MySQLDialect
	Database version: 8.0.43
	Default catalog/schema: fingenie_db/undefined
	Autocommit mode: undefined/unknown
	Isolation level: REPEATABLE_READ [default REPEATABLE_READ]
	JDBC fetch size: none
	Pool: DataSourceConnectionProvider
	Minimum pool size: undefined/unknown
	Maximum pool size: undefined/unknown
2026-06-18T02:01:16.916+05:30  INFO 18216 --- [restartedMain] org.hibernate.orm.core                   : HHH000489: No JTA platform available (set 'hibernate.transaction.jta.platform' to enable JTA platform integration)
2026-06-18T02:01:17.022+05:30  INFO 18216 --- [restartedMain] j.LocalContainerEntityManagerFactoryBean : Initialized JPA EntityManagerFactory for persistence unit 'default'
2026-06-18T02:01:17.101+05:30  INFO 18216 --- [restartedMain] o.s.d.j.r.query.QueryEnhancerFactories   : Hibernate is in classpath; If applicable, HQL parser will be used.
2026-06-18T02:01:17.687+05:30  WARN 18216 --- [restartedMain] JpaBaseConfiguration$JpaWebConfiguration : spring.jpa.open-in-view is enabled by default. Therefore, database queries may be performed during view rendering. Explicitly configure spring.jpa.open-in-view to disable this warning
2026-06-18T02:01:17.780+05:30  INFO 18216 --- [restartedMain] r$InitializeUserDetailsManagerConfigurer : Global AuthenticationManager configured with UserDetailsService bean with name customUserDetailsService
2026-06-18T02:01:18.509+05:30  INFO 18216 --- [restartedMain] o.s.boot.tomcat.TomcatWebServer          : Tomcat started on port 8080 (http) with context path '/'
2026-06-18T02:01:18.514+05:30  INFO 18216 --- [restartedMain] com.fingenie.FinGenieAiApplication       : Started FinGenieAiApplication in 7.653 seconds (process running for 8.641)
2026-06-18T02:03:58.754+05:30  INFO 18216 --- [http-nio-8080-exec-1] o.a.c.c.C.[Tomcat].[localhost].[/]       : Initializing Spring DispatcherServlet 'dispatcherServlet'
2026-06-18T02:03:58.763+05:30  INFO 18216 --- [http-nio-8080-exec-1] o.s.web.servlet.DispatcherServlet        : Initializing Servlet 'dispatcherServlet'
2026-06-18T02:03:58.763+05:30  INFO 18216 --- [http-nio-8080-exec-1] o.s.web.servlet.DispatcherServlet        : Completed initialization in 0 ms
2026-06-18T02:05:51.154+05:30  WARN 18216 --- [http-nio-8080-exec-5] .m.m.a.ExceptionHandlerExceptionResolver : Resolved [org.springframework.http.converter.HttpMessageNotReadableException: Required request body is missing: public org.springframework.http.ResponseEntity<com.fingenie.dto.AccountDTO> com.fingenie.controller.AccountController.createAccount(com.fingenie.dto.AccountDTO)]
2026-06-18T02:29:47.087+05:30  INFO 18216 --- [RMI TCP Connection(31)-127.0.0.1] inMXBeanRegistrar$SpringApplicationAdmin : Application shutdown requested.
2026-06-18T02:29:47.094+05:30  INFO 18216 --- [RMI TCP Connection(31)-127.0.0.1] o.s.boot.tomcat.GracefulShutdown         : Commencing graceful shutdown. Waiting for active requests to complete
2026-06-18T02:29:47.100+05:30  INFO 18216 --- [tomcat-shutdown] o.s.boot.tomcat.GracefulShutdown         : Graceful shutdown complete
2026-06-18T02:29:47.107+05:30  INFO 18216 --- [RMI TCP Connection(31)-127.0.0.1] j.LocalContainerEntityManagerFactoryBean : Closing JPA EntityManagerFactory for persistence unit 'default'
2026-06-18T02:29:47.111+05:30  INFO 18216 --- [RMI TCP Connection(31)-127.0.0.1] com.zaxxer.hikari.HikariDataSource       : HikariPool-1 - Shutdown initiated...
2026-06-18T02:29:47.115+05:30  INFO 18216 --- [RMI TCP Connection(31)-127.0.0.1] com.zaxxer.hikari.HikariDataSource       : HikariPool-1 - Shutdown completed.
2026-06-18T09:17:48.815+05:30  INFO 16684 --- [restartedMain] com.fingenie.FinGenieAiApplication       : Starting FinGenieAiApplication using Java 21.0.3 with PID 16684 (C:\Users\NI20696674\Documents\workspace-spring-tool-suite-4-4.23.1.RELEASE\FinGenieAI\target\classes started by NI20696674 in C:\Users\NI20696674\Documents\workspace-spring-tool-suite-4-4.23.1.RELEASE\FinGenieAI)
2026-06-18T09:17:48.823+05:30  INFO 16684 --- [restartedMain] com.fingenie.FinGenieAiApplication       : No active profile set, falling back to 1 default profile: "default"
2026-06-18T09:17:48.934+05:30  INFO 16684 --- [restartedMain] .e.DevToolsPropertyDefaultsPostProcessor : Devtools property defaults active! Set 'spring.devtools.add-properties' to 'false' to disable
2026-06-18T09:17:48.935+05:30  INFO 16684 --- [restartedMain] .e.DevToolsPropertyDefaultsPostProcessor : For additional web related logging consider setting the 'logging.level.web' property to 'DEBUG'
2026-06-18T09:17:50.932+05:30  INFO 16684 --- [restartedMain] .s.d.r.c.RepositoryConfigurationDelegate : Bootstrapping Spring Data JPA repositories in DEFAULT mode.
2026-06-18T09:17:51.121+05:30  INFO 16684 --- [restartedMain] .s.d.r.c.RepositoryConfigurationDelegate : Finished Spring Data repository scanning in 164 ms. Found 9 JPA repository interfaces.
2026-06-18T09:17:52.132+05:30  INFO 16684 --- [restartedMain] o.s.boot.tomcat.TomcatWebServer          : Tomcat initialized with port 8080 (http)
2026-06-18T09:17:52.157+05:30  INFO 16684 --- [restartedMain] o.apache.catalina.core.StandardService   : Starting service [Tomcat]
2026-06-18T09:17:52.158+05:30  INFO 16684 --- [restartedMain] o.apache.catalina.core.StandardEngine    : Starting Servlet engine: [Apache Tomcat/11.0.22]
2026-06-18T09:17:52.242+05:30  INFO 16684 --- [restartedMain] b.w.c.s.WebApplicationContextInitializer : Root WebApplicationContext: initialization completed in 3306 ms
2026-06-18T09:17:52.539+05:30  INFO 16684 --- [restartedMain] org.hibernate.orm.jpa                    : HHH008540: Processing PersistenceUnitInfo [name: default]
2026-06-18T09:17:52.704+05:30  INFO 16684 --- [restartedMain] org.hibernate.orm.core                   : HHH000001: Hibernate ORM core version 7.4.1.Final
2026-06-18T09:17:53.919+05:30  INFO 16684 --- [restartedMain] o.s.o.j.p.SpringPersistenceUnitInfo      : No LoadTimeWeaver setup: ignoring JPA class transformer
2026-06-18T09:17:54.000+05:30  INFO 16684 --- [restartedMain] com.zaxxer.hikari.HikariDataSource       : HikariPool-1 - Starting...
2026-06-18T09:17:54.450+05:30  INFO 16684 --- [restartedMain] com.zaxxer.hikari.pool.HikariPool        : HikariPool-1 - Added connection com.mysql.cj.jdbc.ConnectionImpl@6e694c67
2026-06-18T09:17:54.459+05:30  INFO 16684 --- [restartedMain] com.zaxxer.hikari.HikariDataSource       : HikariPool-1 - Start completed.
2026-06-18T09:17:54.659+05:30  INFO 16684 --- [restartedMain] org.hibernate.orm.connections.pooling    : HHH10001005: Database info:
	Database JDBC URL [jdbc:mysql://localhost:3306/fingenie_db]
	Database driver: MySQL Connector/J
	Database dialect: MySQLDialect
	Database version: 8.0.43
	Default catalog/schema: fingenie_db/undefined
	Autocommit mode: undefined/unknown
	Isolation level: REPEATABLE_READ [default REPEATABLE_READ]
	JDBC fetch size: none
	Pool: DataSourceConnectionProvider
	Minimum pool size: undefined/unknown
	Maximum pool size: undefined/unknown
2026-06-18T09:17:56.862+05:30  INFO 16684 --- [restartedMain] org.hibernate.orm.core                   : HHH000489: No JTA platform available (set 'hibernate.transaction.jta.platform' to enable JTA platform integration)
2026-06-18T09:17:57.010+05:30  INFO 16684 --- [restartedMain] j.LocalContainerEntityManagerFactoryBean : Initialized JPA EntityManagerFactory for persistence unit 'default'
2026-06-18T09:17:57.111+05:30  INFO 16684 --- [restartedMain] o.s.d.j.r.query.QueryEnhancerFactories   : Hibernate is in classpath; If applicable, HQL parser will be used.
2026-06-18T09:17:57.836+05:30  WARN 16684 --- [restartedMain] JpaBaseConfiguration$JpaWebConfiguration : spring.jpa.open-in-view is enabled by default. Therefore, database queries may be performed during view rendering. Explicitly configure spring.jpa.open-in-view to disable this warning
2026-06-18T09:17:57.954+05:30  INFO 16684 --- [restartedMain] r$InitializeUserDetailsManagerConfigurer : Global AuthenticationManager configured with UserDetailsService bean with name customUserDetailsService
2026-06-18T09:17:58.870+05:30  INFO 16684 --- [restartedMain] o.s.boot.tomcat.TomcatWebServer          : Tomcat started on port 8080 (http) with context path '/'
2026-06-18T09:17:58.875+05:30  INFO 16684 --- [restartedMain] com.fingenie.FinGenieAiApplication       : Started FinGenieAiApplication in 10.943 seconds (process running for 12.331)
2026-06-18T09:19:12.106+05:30  INFO 16684 --- [http-nio-8080-exec-1] o.a.c.c.C.[Tomcat].[localhost].[/]       : Initializing Spring DispatcherServlet 'dispatcherServlet'
2026-06-18T09:19:12.107+05:30  INFO 16684 --- [http-nio-8080-exec-1] o.s.web.servlet.DispatcherServlet        : Initializing Servlet 'dispatcherServlet'
2026-06-18T09:19:12.110+05:30  INFO 16684 --- [http-nio-8080-exec-1] o.s.web.servlet.DispatcherServlet        : Completed initialization in 2 ms
2026-06-18T09:24:06.369+05:30  WARN 16684 --- [http-nio-8080-exec-6] .m.m.a.ExceptionHandlerExceptionResolver : Resolved [org.springframework.web.servlet.resource.NoResourceFoundException: No static resource api/fraud-alerts for request '/api/fraud-alerts'.]
2026-06-18T09:24:06.385+05:30  WARN 16684 --- [http-nio-8080-exec-7] .m.m.a.ExceptionHandlerExceptionResolver : Resolved [org.springframework.web.servlet.resource.NoResourceFoundException: No static resource api/fraud-alerts for request '/api/fraud-alerts'.]
2026-06-18T09:24:06.396+05:30  WARN 16684 --- [http-nio-8080-exec-9] .m.m.a.ExceptionHandlerExceptionResolver : Resolved [org.springframework.web.servlet.resource.NoResourceFoundException: No static resource api/fraudalerts for request '/api/fraudalerts'.]
2026-06-18T09:24:06.414+05:30  WARN 16684 --- [http-nio-8080-exec-10] .m.m.a.ExceptionHandlerExceptionResolver : Resolved [org.springframework.web.servlet.resource.NoResourceFoundException: No static resource api/fraudalerts for request '/api/fraudalerts'.]
2026-06-18T09:24:06.420+05:30  WARN 16684 --- [http-nio-8080-exec-2] .m.m.a.ExceptionHandlerExceptionResolver : Resolved [org.springframework.web.servlet.resource.NoResourceFoundException: No static resource api/fraud-alert for request '/api/fraud-alert'.]
2026-06-18T09:24:06.436+05:30  WARN 16684 --- [http-nio-8080-exec-3] .m.m.a.ExceptionHandlerExceptionResolver : Resolved [org.springframework.web.servlet.resource.NoResourceFoundException: No static resource api/fraud-alert for request '/api/fraud-alert'.]
2026-06-18T09:24:15.542+05:30  WARN 16684 --- [http-nio-8080-exec-4] .m.m.a.ExceptionHandlerExceptionResolver : Resolved [org.springframework.web.servlet.resource.NoResourceFoundException: No static resource api/fraud-alerts for request '/api/fraud-alerts'.]
2026-06-18T09:24:15.568+05:30  WARN 16684 --- [http-nio-8080-exec-8] .m.m.a.ExceptionHandlerExceptionResolver : Resolved [org.springframework.web.servlet.resource.NoResourceFoundException: No static resource api/fraudalerts for request '/api/fraudalerts'.]
2026-06-18T09:24:15.573+05:30  WARN 16684 --- [http-nio-8080-exec-9] .m.m.a.ExceptionHandlerExceptionResolver : Resolved [org.springframework.web.servlet.resource.NoResourceFoundException: No static resource api/fraud-alerts for request '/api/fraud-alerts'.]
2026-06-18T09:24:15.591+05:30  WARN 16684 --- [http-nio-8080-exec-5] .m.m.a.ExceptionHandlerExceptionResolver : Resolved [org.springframework.web.servlet.resource.NoResourceFoundException: No static resource api/fraudalerts for request '/api/fraudalerts'.]
2026-06-18T09:24:15.592+05:30  WARN 16684 --- [http-nio-8080-exec-2] .m.m.a.ExceptionHandlerExceptionResolver : Resolved [org.springframework.web.servlet.resource.NoResourceFoundException: No static resource api/fraud-alert for request '/api/fraud-alert'.]
2026-06-18T09:24:15.612+05:30  WARN 16684 --- [http-nio-8080-exec-10] .m.m.a.ExceptionHandlerExceptionResolver : Resolved [org.springframework.web.servlet.resource.NoResourceFoundException: No static resource api/fraud-alert for request '/api/fraud-alert'.]
2026-06-18T12:43:28.179+05:30  WARN 16684 --- [http-nio-8080-exec-7] .m.m.a.ExceptionHandlerExceptionResolver : Resolved [org.springframework.web.servlet.resource.NoResourceFoundException: No static resource api/fraud-alerts for request '/api/fraud-alerts'.]
2026-06-18T12:43:28.203+05:30  WARN 16684 --- [http-nio-8080-exec-8] .m.m.a.ExceptionHandlerExceptionResolver : Resolved [org.springframework.web.servlet.resource.NoResourceFoundException: No static resource api/fraud-alerts for request '/api/fraud-alerts'.]
2026-06-18T12:43:28.212+05:30  WARN 16684 --- [http-nio-8080-exec-9] .m.m.a.ExceptionHandlerExceptionResolver : Resolved [org.springframework.web.servlet.resource.NoResourceFoundException: No static resource api/fraudalerts for request '/api/fraudalerts'.]
2026-06-18T12:43:28.231+05:30  WARN 16684 --- [http-nio-8080-exec-5] .m.m.a.ExceptionHandlerExceptionResolver : Resolved [org.springframework.web.servlet.resource.NoResourceFoundException: No static resource api/fraudalerts for request '/api/fraudalerts'.]
2026-06-18T12:43:28.243+05:30  WARN 16684 --- [http-nio-8080-exec-3] .m.m.a.ExceptionHandlerExceptionResolver : Resolved [org.springframework.web.servlet.resource.NoResourceFoundException: No static resource api/fraud-alert for request '/api/fraud-alert'.]
2026-06-18T12:43:28.262+05:30  WARN 16684 --- [http-nio-8080-exec-2] .m.m.a.ExceptionHandlerExceptionResolver : Resolved [org.springframework.web.servlet.resource.NoResourceFoundException: No static resource api/fraud-alert for request '/api/fraud-alert'.]
2026-06-18T12:43:45.600+05:30  WARN 16684 --- [http-nio-8080-exec-7] .m.m.a.ExceptionHandlerExceptionResolver : Resolved [org.springframework.web.servlet.resource.NoResourceFoundException: No static resource api/fraud-alerts for request '/api/fraud-alerts'.]
2026-06-18T12:43:45.626+05:30  WARN 16684 --- [http-nio-8080-exec-9] .m.m.a.ExceptionHandlerExceptionResolver : Resolved [org.springframework.web.servlet.resource.NoResourceFoundException: No static resource api/fraudalerts for request '/api/fraudalerts'.]
2026-06-18T12:43:45.628+05:30  WARN 16684 --- [http-nio-8080-exec-10] .m.m.a.ExceptionHandlerExceptionResolver : Resolved [org.springframework.web.servlet.resource.NoResourceFoundException: No static resource api/fraud-alerts for request '/api/fraud-alerts'.]
2026-06-18T12:43:45.648+05:30  WARN 16684 --- [http-nio-8080-exec-4] .m.m.a.ExceptionHandlerExceptionResolver : Resolved [org.springframework.web.servlet.resource.NoResourceFoundException: No static resource api/fraudalerts for request '/api/fraudalerts'.]
2026-06-18T12:43:45.650+05:30  WARN 16684 --- [http-nio-8080-exec-2] .m.m.a.ExceptionHandlerExceptionResolver : Resolved [org.springframework.web.servlet.resource.NoResourceFoundException: No static resource api/fraud-alert for request '/api/fraud-alert'.]
2026-06-18T12:43:45.668+05:30  WARN 16684 --- [http-nio-8080-exec-6] .m.m.a.ExceptionHandlerExceptionResolver : Resolved [org.springframework.web.servlet.resource.NoResourceFoundException: No static resource api/fraud-alert for request '/api/fraud-alert'.]
2026-06-18T12:43:51.643+05:30  WARN 16684 --- [http-nio-8080-exec-1] .m.m.a.ExceptionHandlerExceptionResolver : Resolved [org.springframework.web.servlet.resource.NoResourceFoundException: No static resource api/fraud-alerts for request '/api/fraud-alerts'.]
2026-06-18T12:43:51.666+05:30  WARN 16684 --- [http-nio-8080-exec-2] .m.m.a.ExceptionHandlerExceptionResolver : Resolved [org.springframework.web.servlet.resource.NoResourceFoundException: No static resource api/fraudalerts for request '/api/fraudalerts'.]
2026-06-18T12:43:51.668+05:30  WARN 16684 --- [http-nio-8080-exec-4] .m.m.a.ExceptionHandlerExceptionResolver : Resolved [org.springframework.web.servlet.resource.NoResourceFoundException: No static resource api/fraud-alerts for request '/api/fraud-alerts'.]
2026-06-18T12:43:51.686+05:30  WARN 16684 --- [http-nio-8080-exec-7] .m.m.a.ExceptionHandlerExceptionResolver : Resolved [org.springframework.web.servlet.resource.NoResourceFoundException: No static resource api/fraudalerts for request '/api/fraudalerts'.]
2026-06-18T12:43:51.692+05:30  WARN 16684 --- [http-nio-8080-exec-8] .m.m.a.ExceptionHandlerExceptionResolver : Resolved [org.springframework.web.servlet.resource.NoResourceFoundException: No static resource api/fraud-alert for request '/api/fraud-alert'.]
2026-06-18T12:43:51.707+05:30  WARN 16684 --- [http-nio-8080-exec-9] .m.m.a.ExceptionHandlerExceptionResolver : Resolved [org.springframework.web.servlet.resource.NoResourceFoundException: No static resource api/fraud-alert for request '/api/fraud-alert'.]
2026-06-18T13:22:15.464+05:30  INFO 16684 --- [RMI TCP Connection(249)-127.0.0.1] inMXBeanRegistrar$SpringApplicationAdmin : Application shutdown requested.
2026-06-18T13:22:15.475+05:30  INFO 16684 --- [RMI TCP Connection(249)-127.0.0.1] o.s.boot.tomcat.GracefulShutdown         : Commencing graceful shutdown. Waiting for active requests to complete
2026-06-18T13:22:15.483+05:30  INFO 16684 --- [tomcat-shutdown] o.s.boot.tomcat.GracefulShutdown         : Graceful shutdown complete
2026-06-18T13:22:15.496+05:30  INFO 16684 --- [RMI TCP Connection(249)-127.0.0.1] j.LocalContainerEntityManagerFactoryBean : Closing JPA EntityManagerFactory for persistence unit 'default'
2026-06-18T13:22:15.505+05:30  INFO 16684 --- [RMI TCP Connection(249)-127.0.0.1] com.zaxxer.hikari.HikariDataSource       : HikariPool-1 - Shutdown initiated...
2026-06-18T13:22:15.509+05:30  INFO 16684 --- [RMI TCP Connection(249)-127.0.0.1] com.zaxxer.hikari.HikariDataSource       : HikariPool-1 - Shutdown completed.
